<?xml version="1.0" encoding="UTF-8"?>
<testsuite name="ru.stqa.pft.addressbook.tests.GroupModificationTests" tests="1" skipped="0" failures="0" errors="0" timestamp="2018-08-16T13:48:32" hostname="WIN-LJA1GSM01DE" time="2.77">
  <properties/>
  <testcase name="groupModificationTest" classname="ru.stqa.pft.addressbook.tests.GroupModificationTests" time="2.77"/>
  <system-out><![CDATA[]]></system-out>
  <system-err><![CDATA[]]></system-err>
</testsuite>
