<?xml version="1.0" encoding="UTF-8"?>
<testsuite name="ru.stqa.pft.addressbook.tests.GroupDeleteAllTests" tests="1" skipped="0" failures="0" errors="0" timestamp="2018-08-16T13:43:40" hostname="WIN-LJA1GSM01DE" time="3.454">
  <properties/>
  <testcase name="testGroupDeleteAll" classname="ru.stqa.pft.addressbook.tests.GroupDeleteAllTests" time="3.454"/>
  <system-out><![CDATA[]]></system-out>
  <system-err><![CDATA[]]></system-err>
</testsuite>
