<?xml version="1.0" encoding="UTF-8"?>
<testsuite name="ru.stqa.pft.addressbook.tests.GroupCreationTests" tests="7" skipped="0" failures="0" errors="0" timestamp="2018-08-16T13:43:17" hostname="WIN-LJA1GSM01DE" time="16.348">
  <properties/>
  <testcase name="testGroupCreation[0](GroupData{id=2147483647, name='test 0', header='header 0', footer='footer 0'})" classname="ru.stqa.pft.addressbook.tests.GroupCreationTests" time="2.244"/>
  <testcase name="testGroupCreation[1](GroupData{id=2147483647, name='test 1', header='header 1', footer='footer 1'})" classname="ru.stqa.pft.addressbook.tests.GroupCreationTests" time="2.083"/>
  <testcase name="testGroupCreation[2](GroupData{id=2147483647, name='test 2', header='header 2', footer='footer 2'})" classname="ru.stqa.pft.addressbook.tests.GroupCreationTests" time="2.11"/>
  <testcase name="testGroupCreation[3](GroupData{id=2147483647, name='test 3', header='header 3', footer='footer 3'})" classname="ru.stqa.pft.addressbook.tests.GroupCreationTests" time="2.309"/>
  <testcase name="testGroupCreation[4](GroupData{id=2147483647, name='test 4', header='header 4', footer='footer 4'})" classname="ru.stqa.pft.addressbook.tests.GroupCreationTests" time="2.305"/>
  <testcase name="testGroupCreation[5](GroupData{id=2147483647, name='test 5', header='header 5', footer='footer 5'})" classname="ru.stqa.pft.addressbook.tests.GroupCreationTests" time="2.794"/>
  <testcase name="testGroupCreation[6](GroupData{id=2147483647, name='test 6', header='header 6', footer='footer 6'})" classname="ru.stqa.pft.addressbook.tests.GroupCreationTests" time="2.498"/>
  <system-out><![CDATA[]]></system-out>
  <system-err><![CDATA[]]></system-err>
</testsuite>
